<?xml version="1.0" encoding="UTF-8"?>
<EmailMessage xmlns="http://bpms.intalio.com/tools/webservices/email">
    <From>boisvert@intalio.com</From>
    <To>boisvert@intalio.com</To>
    <Subject>Email Service Test</Subject>
    <Body>
       Hi, this is just a test!
    </Body>
</EmailMessage>

